<?xml version="1.0" encoding="UTF-8"?>
<testng-results ignored="0" total="1" passed="1" failed="0" skipped="0">
  <reporter-output>
  </reporter-output>
  <suite started-at="2021-09-03T10:21:24 ICT" name="Default suite" finished-at="2021-09-03T10:21:25 ICT" duration-ms="30">
    <groups>
    </groups>
    <test started-at="2021-09-03T10:21:24 ICT" name="Default test" finished-at="2021-09-03T10:21:25 ICT" duration-ms="30">
      <class name="com.test.basicTestCase">
        <test-method signature="test1()[pri:0, instance:com.test.basicTestCase@548e6d58]" started-at="2021-09-03T10:21:25 ICT" name="test1" finished-at="2021-09-03T10:21:25 ICT" duration-ms="7" status="PASS">
          <reporter-output>
          </reporter-output>
        </test-method> <!-- test1 -->
      </class> <!-- com.test.basicTestCase -->
    </test> <!-- Default test -->
  </suite> <!-- Default suite -->
</testng-results>
